2024-09-29 13:12:15,323 - root - INFO - Starting Spark application
2024-09-29 13:15:17,949 - root - INFO - Starting Spark application
2024-09-29 13:26:07,872 - root - INFO - Starting Spark application
2024-09-29 13:27:03,200 - root - INFO - Starting Spark application
2024-09-29 13:33:34,613 - root - INFO - Starting Spark application
2024-09-29 13:37:47,383 - root - INFO - Starting Spark application
2024-09-29 13:41:42,479 - root - INFO - Starting Spark application
2024-09-29 13:42:23,652 - root - INFO - Starting Spark application
2024-09-29 13:43:21,751 - root - INFO - Starting Spark application
2024-09-29 13:44:35,222 - root - INFO - Starting Spark application
2024-09-29 13:44:42,127 - root - INFO - reading file with format <x
2024-09-29 13:46:16,768 - root - INFO - Starting Spark application
2024-09-29 14:03:06,869 - root - INFO - Starting Spark application
2024-09-29 14:03:15,781 - root - INFO - reading file with format <csv
2024-09-29 14:07:27,817 - root - INFO - Starting Spark application
2024-09-29 14:07:35,499 - root - INFO - reading file with format <csv
2024-09-29 14:07:55,585 - root - INFO - Starting Spark application
2024-09-29 14:08:02,383 - root - INFO - reading file with format <csv
2024-09-29 14:08:51,565 - root - INFO - Starting Spark application
2024-09-29 14:08:58,757 - root - INFO - reading file with format <csv
2024-09-29 14:10:27,234 - root - INFO - Starting Spark application
2024-09-29 14:10:34,124 - root - INFO - reading file with format <csv
2024-09-29 14:11:08,575 - root - INFO - Starting Spark application
2024-09-29 14:11:15,074 - root - INFO - reading file with format <csv
2024-09-29 14:13:07,859 - root - INFO - Starting Spark application
2024-09-29 14:13:15,504 - root - INFO - reading file with format <csv
2024-09-29 14:14:53,051 - root - INFO - Starting Spark application
2024-09-29 14:15:00,632 - root - INFO - reading file with format <csv
2024-09-29 14:15:14,532 - root - INFO - Starting Spark application
2024-09-29 14:15:21,180 - root - INFO - reading file with format <csv
2024-09-29 14:18:14,606 - root - INFO - Starting Spark application
2024-09-29 14:20:19,477 - root - INFO - Starting Spark application
2024-09-29 14:21:50,632 - root - INFO - Starting Spark application
2024-09-29 14:23:10,732 - root - INFO - Starting Spark application
2024-09-29 14:28:17,056 - root - INFO - Starting Spark application
2024-09-29 14:31:11,139 - root - INFO - Starting Spark application
2024-09-29 14:36:14,624 - root - INFO - Starting Spark application
2024-09-29 14:39:04,370 - root - INFO - Starting Spark application
2024-09-29 14:45:42,367 - root - INFO - Starting Spark application
2024-09-29 14:45:49,775 - root - ERROR - An error occurred: cannot access local variable 'df' where it is not associated with a value
2024-09-29 15:14:47,414 - ingest - WARNING - load files...
2024-09-29 15:14:47,430 - ingest - ERROR - DataFrameReader.option() got an unexpected keyword argument 'header'
2024-09-29 15:15:48,650 - ingest - WARNING - load files...
2024-09-29 15:15:48,650 - ingest - ERROR - DataFrameReader.option() got an unexpected keyword argument 'header'
2024-09-29 15:19:59,563 - root - INFO - Starting Spark application
2024-09-29 15:20:14,505 - root - INFO - reading file with format <csv
2024-09-29 15:20:14,505 - root - INFO - run display functions
